[2018-05-04T21:00:59.854] [INFO] task - spider people data error TypeError: ep.emit is not a function
    at Artical.addMultiArticals.then (/Users/yangzhaobin/projects/finance-server/crawler/website/people.js:73:24)
    at runCallback (timers.js:672:20)
    at tryOnImmediate (timers.js:645:5)
    at processImmediate [as _immediateCallback] (timers.js:617:5)
From previous event:
    at IncomingMessage.res.on (/Users/yangzhaobin/projects/finance-server/crawler/website/people.js:72:18)
    at emitNone (events.js:91:20)
    at IncomingMessage.emit (events.js:188:7)
    at endReadableNT (_stream_readable.js:975:12)
    at _combinedTickCallback (internal/process/next_tick.js:80:11)
    at process._tickCallback (internal/process/next_tick.js:104:9)
[2018-05-04T21:00:59.964] [INFO] task - spider people data error TypeError: ep.emit is not a function
    at Artical.addMultiArticals.then (/Users/yangzhaobin/projects/finance-server/crawler/website/people.js:73:24)
    at runCallback (timers.js:672:20)
    at tryOnImmediate (timers.js:645:5)
    at processImmediate [as _immediateCallback] (timers.js:617:5)
From previous event:
    at IncomingMessage.res.on (/Users/yangzhaobin/projects/finance-server/crawler/website/people.js:72:18)
    at emitNone (events.js:91:20)
    at IncomingMessage.emit (events.js:188:7)
    at endReadableNT (_stream_readable.js:975:12)
    at _combinedTickCallback (internal/process/next_tick.js:80:11)
    at process._tickCallback (internal/process/next_tick.js:104:9)
[2018-05-04T21:01:00.070] [INFO] task - spider people data error TypeError: ep.emit is not a function
    at Artical.addMultiArticals.then (/Users/yangzhaobin/projects/finance-server/crawler/website/people.js:73:24)
    at runCallback (timers.js:672:20)
    at tryOnImmediate (timers.js:645:5)
    at processImmediate [as _immediateCallback] (timers.js:617:5)
From previous event:
    at IncomingMessage.res.on (/Users/yangzhaobin/projects/finance-server/crawler/website/people.js:72:18)
    at emitNone (events.js:91:20)
    at IncomingMessage.emit (events.js:188:7)
    at endReadableNT (_stream_readable.js:975:12)
    at _combinedTickCallback (internal/process/next_tick.js:80:11)
    at process._tickCallback (internal/process/next_tick.js:104:9)
[2018-05-04T21:01:45.712] [INFO] task - spider people data error TypeError: ep.emit is not a function
    at Artical.addMultiArticals.then (/Users/yangzhaobin/projects/finance-server/crawler/website/people.js:73:24)
    at runCallback (timers.js:672:20)
    at tryOnImmediate (timers.js:645:5)
    at processImmediate [as _immediateCallback] (timers.js:617:5)
From previous event:
    at IncomingMessage.res.on (/Users/yangzhaobin/projects/finance-server/crawler/website/people.js:72:18)
    at emitNone (events.js:91:20)
    at IncomingMessage.emit (events.js:188:7)
    at endReadableNT (_stream_readable.js:975:12)
    at _combinedTickCallback (internal/process/next_tick.js:80:11)
    at process._tickCallback (internal/process/next_tick.js:104:9)
[2018-05-04T21:01:45.875] [INFO] task - spider people data error TypeError: ep.emit is not a function
    at Artical.addMultiArticals.then (/Users/yangzhaobin/projects/finance-server/crawler/website/people.js:73:24)
    at runCallback (timers.js:672:20)
    at tryOnImmediate (timers.js:645:5)
    at processImmediate [as _immediateCallback] (timers.js:617:5)
From previous event:
    at IncomingMessage.res.on (/Users/yangzhaobin/projects/finance-server/crawler/website/people.js:72:18)
    at emitNone (events.js:91:20)
    at IncomingMessage.emit (events.js:188:7)
    at endReadableNT (_stream_readable.js:975:12)
    at _combinedTickCallback (internal/process/next_tick.js:80:11)
    at process._tickCallback (internal/process/next_tick.js:104:9)
[2018-05-04T21:01:46.028] [INFO] task - spider people data error TypeError: ep.emit is not a function
    at Artical.addMultiArticals.then (/Users/yangzhaobin/projects/finance-server/crawler/website/people.js:73:24)
    at runCallback (timers.js:672:20)
    at tryOnImmediate (timers.js:645:5)
    at processImmediate [as _immediateCallback] (timers.js:617:5)
From previous event:
    at IncomingMessage.res.on (/Users/yangzhaobin/projects/finance-server/crawler/website/people.js:72:18)
    at emitNone (events.js:91:20)
    at IncomingMessage.emit (events.js:188:7)
    at endReadableNT (_stream_readable.js:975:12)
    at _combinedTickCallback (internal/process/next_tick.js:80:11)
    at process._tickCallback (internal/process/next_tick.js:104:9)
[2018-05-04T21:02:40.215] [INFO] task - spider people data error TypeError: ep.emit is not a function
    at Artical.addMultiArticals.then (/Users/yangzhaobin/projects/finance-server/crawler/website/people.js:75:24)
    at runCallback (timers.js:672:20)
    at tryOnImmediate (timers.js:645:5)
    at processImmediate [as _immediateCallback] (timers.js:617:5)
From previous event:
    at IncomingMessage.res.on (/Users/yangzhaobin/projects/finance-server/crawler/website/people.js:72:18)
    at emitNone (events.js:91:20)
    at IncomingMessage.emit (events.js:188:7)
    at endReadableNT (_stream_readable.js:975:12)
    at _combinedTickCallback (internal/process/next_tick.js:80:11)
    at process._tickCallback (internal/process/next_tick.js:104:9)
[2018-05-04T21:02:40.388] [INFO] task - spider people data error TypeError: ep.emit is not a function
    at Artical.addMultiArticals.then (/Users/yangzhaobin/projects/finance-server/crawler/website/people.js:75:24)
    at runCallback (timers.js:672:20)
    at tryOnImmediate (timers.js:645:5)
    at processImmediate [as _immediateCallback] (timers.js:617:5)
From previous event:
    at IncomingMessage.res.on (/Users/yangzhaobin/projects/finance-server/crawler/website/people.js:72:18)
    at emitNone (events.js:91:20)
    at IncomingMessage.emit (events.js:188:7)
    at endReadableNT (_stream_readable.js:975:12)
    at _combinedTickCallback (internal/process/next_tick.js:80:11)
    at process._tickCallback (internal/process/next_tick.js:104:9)
[2018-05-04T21:02:40.866] [INFO] task - spider people data error TypeError: ep.emit is not a function
    at Artical.addMultiArticals.then (/Users/yangzhaobin/projects/finance-server/crawler/website/people.js:75:24)
    at runCallback (timers.js:672:20)
    at tryOnImmediate (timers.js:645:5)
    at processImmediate [as _immediateCallback] (timers.js:617:5)
From previous event:
    at IncomingMessage.res.on (/Users/yangzhaobin/projects/finance-server/crawler/website/people.js:72:18)
    at emitNone (events.js:91:20)
    at IncomingMessage.emit (events.js:188:7)
    at endReadableNT (_stream_readable.js:975:12)
    at _combinedTickCallback (internal/process/next_tick.js:80:11)
    at process._tickCallback (internal/process/next_tick.js:104:9)
[2018-05-04T21:04:35.097] [INFO] task - spider people data error TypeError: ep.emit is not a function
    at Artical.addMultiArticals.then (/Users/yangzhaobin/projects/finance-server/crawler/website/people.js:73:24)
    at runCallback (timers.js:672:20)
    at tryOnImmediate (timers.js:645:5)
    at processImmediate [as _immediateCallback] (timers.js:617:5)
From previous event:
    at IncomingMessage.res.on (/Users/yangzhaobin/projects/finance-server/crawler/website/people.js:72:18)
    at emitNone (events.js:91:20)
    at IncomingMessage.emit (events.js:188:7)
    at endReadableNT (_stream_readable.js:975:12)
    at _combinedTickCallback (internal/process/next_tick.js:80:11)
    at process._tickCallback (internal/process/next_tick.js:104:9)
[2018-05-04T21:04:35.277] [INFO] task - spider people data error TypeError: ep.emit is not a function
    at Artical.addMultiArticals.then (/Users/yangzhaobin/projects/finance-server/crawler/website/people.js:73:24)
    at runCallback (timers.js:672:20)
    at tryOnImmediate (timers.js:645:5)
    at processImmediate [as _immediateCallback] (timers.js:617:5)
From previous event:
    at IncomingMessage.res.on (/Users/yangzhaobin/projects/finance-server/crawler/website/people.js:72:18)
    at emitNone (events.js:91:20)
    at IncomingMessage.emit (events.js:188:7)
    at endReadableNT (_stream_readable.js:975:12)
    at _combinedTickCallback (internal/process/next_tick.js:80:11)
    at process._tickCallback (internal/process/next_tick.js:104:9)
[2018-05-04T21:04:35.480] [INFO] task - spider people data error TypeError: ep.emit is not a function
    at Artical.addMultiArticals.then (/Users/yangzhaobin/projects/finance-server/crawler/website/people.js:73:24)
    at runCallback (timers.js:672:20)
    at tryOnImmediate (timers.js:645:5)
    at processImmediate [as _immediateCallback] (timers.js:617:5)
From previous event:
    at IncomingMessage.res.on (/Users/yangzhaobin/projects/finance-server/crawler/website/people.js:72:18)
    at emitNone (events.js:91:20)
    at IncomingMessage.emit (events.js:188:7)
    at endReadableNT (_stream_readable.js:975:12)
    at _combinedTickCallback (internal/process/next_tick.js:80:11)
    at process._tickCallback (internal/process/next_tick.js:104:9)
[2018-05-04T21:05:32.112] [INFO] task - spider people data error TypeError: ep.emit is not a function
    at Artical.addMultiArticals.then (/Users/yangzhaobin/projects/finance-server/crawler/website/people.js:73:24)
    at runCallback (timers.js:672:20)
    at tryOnImmediate (timers.js:645:5)
    at processImmediate [as _immediateCallback] (timers.js:617:5)
From previous event:
    at IncomingMessage.res.on (/Users/yangzhaobin/projects/finance-server/crawler/website/people.js:72:18)
    at emitNone (events.js:91:20)
    at IncomingMessage.emit (events.js:188:7)
    at endReadableNT (_stream_readable.js:975:12)
    at _combinedTickCallback (internal/process/next_tick.js:80:11)
    at process._tickCallback (internal/process/next_tick.js:104:9)
[2018-05-04T21:05:32.799] [INFO] task - spider people data error TypeError: ep.emit is not a function
    at Artical.addMultiArticals.then (/Users/yangzhaobin/projects/finance-server/crawler/website/people.js:73:24)
    at runCallback (timers.js:672:20)
    at tryOnImmediate (timers.js:645:5)
    at processImmediate [as _immediateCallback] (timers.js:617:5)
From previous event:
    at IncomingMessage.res.on (/Users/yangzhaobin/projects/finance-server/crawler/website/people.js:72:18)
    at emitNone (events.js:91:20)
    at IncomingMessage.emit (events.js:188:7)
    at endReadableNT (_stream_readable.js:975:12)
    at _combinedTickCallback (internal/process/next_tick.js:80:11)
    at process._tickCallback (internal/process/next_tick.js:104:9)
[2018-05-04T21:05:32.806] [INFO] task - spider people data error TypeError: ep.emit is not a function
    at Artical.addMultiArticals.then (/Users/yangzhaobin/projects/finance-server/crawler/website/people.js:73:24)
    at runCallback (timers.js:672:20)
    at tryOnImmediate (timers.js:645:5)
    at processImmediate [as _immediateCallback] (timers.js:617:5)
From previous event:
    at IncomingMessage.res.on (/Users/yangzhaobin/projects/finance-server/crawler/website/people.js:72:18)
    at emitNone (events.js:91:20)
    at IncomingMessage.emit (events.js:188:7)
    at endReadableNT (_stream_readable.js:975:12)
    at _combinedTickCallback (internal/process/next_tick.js:80:11)
    at process._tickCallback (internal/process/next_tick.js:104:9)
[2018-05-04T21:06:07.098] [INFO] task - spider people data error TypeError: ep.emit is not a function
    at Artical.addMultiArticals.then (/Users/yangzhaobin/projects/finance-server/crawler/website/people.js:73:24)
    at runCallback (timers.js:672:20)
    at tryOnImmediate (timers.js:645:5)
    at processImmediate [as _immediateCallback] (timers.js:617:5)
From previous event:
    at IncomingMessage.res.on (/Users/yangzhaobin/projects/finance-server/crawler/website/people.js:72:18)
    at emitNone (events.js:91:20)
    at IncomingMessage.emit (events.js:188:7)
    at endReadableNT (_stream_readable.js:975:12)
    at _combinedTickCallback (internal/process/next_tick.js:80:11)
    at process._tickCallback (internal/process/next_tick.js:104:9)
[2018-05-04T21:06:07.558] [INFO] task - spider people data error TypeError: ep.emit is not a function
    at Artical.addMultiArticals.then (/Users/yangzhaobin/projects/finance-server/crawler/website/people.js:73:24)
    at runCallback (timers.js:672:20)
    at tryOnImmediate (timers.js:645:5)
    at processImmediate [as _immediateCallback] (timers.js:617:5)
From previous event:
    at IncomingMessage.res.on (/Users/yangzhaobin/projects/finance-server/crawler/website/people.js:72:18)
    at emitNone (events.js:91:20)
    at IncomingMessage.emit (events.js:188:7)
    at endReadableNT (_stream_readable.js:975:12)
    at _combinedTickCallback (internal/process/next_tick.js:80:11)
    at process._tickCallback (internal/process/next_tick.js:104:9)
[2018-05-04T21:06:07.637] [INFO] task - spider people data error TypeError: ep.emit is not a function
    at Artical.addMultiArticals.then (/Users/yangzhaobin/projects/finance-server/crawler/website/people.js:73:24)
    at runCallback (timers.js:672:20)
    at tryOnImmediate (timers.js:645:5)
    at processImmediate [as _immediateCallback] (timers.js:617:5)
From previous event:
    at IncomingMessage.res.on (/Users/yangzhaobin/projects/finance-server/crawler/website/people.js:72:18)
    at emitNone (events.js:91:20)
    at IncomingMessage.emit (events.js:188:7)
    at endReadableNT (_stream_readable.js:975:12)
    at _combinedTickCallback (internal/process/next_tick.js:80:11)
    at process._tickCallback (internal/process/next_tick.js:104:9)
[2018-05-04T21:06:58.156] [INFO] task - spider people data error TypeError: ep.emit is not a function
    at Artical.addMultiArticals.then (/Users/yangzhaobin/projects/finance-server/crawler/website/people.js:73:24)
    at runCallback (timers.js:672:20)
    at tryOnImmediate (timers.js:645:5)
    at processImmediate [as _immediateCallback] (timers.js:617:5)
From previous event:
    at IncomingMessage.res.on (/Users/yangzhaobin/projects/finance-server/crawler/website/people.js:72:18)
    at emitNone (events.js:91:20)
    at IncomingMessage.emit (events.js:188:7)
    at endReadableNT (_stream_readable.js:975:12)
    at _combinedTickCallback (internal/process/next_tick.js:80:11)
    at process._tickCallback (internal/process/next_tick.js:104:9)
[2018-05-04T21:06:58.308] [INFO] task - spider people data error TypeError: ep.emit is not a function
    at Artical.addMultiArticals.then (/Users/yangzhaobin/projects/finance-server/crawler/website/people.js:73:24)
    at runCallback (timers.js:672:20)
    at tryOnImmediate (timers.js:645:5)
    at processImmediate [as _immediateCallback] (timers.js:617:5)
From previous event:
    at IncomingMessage.res.on (/Users/yangzhaobin/projects/finance-server/crawler/website/people.js:72:18)
    at emitNone (events.js:91:20)
    at IncomingMessage.emit (events.js:188:7)
    at endReadableNT (_stream_readable.js:975:12)
    at _combinedTickCallback (internal/process/next_tick.js:80:11)
    at process._tickCallback (internal/process/next_tick.js:104:9)
[2018-05-04T21:08:30.800] [INFO] task - spider people data error TypeError: ep.emit is not a function
    at Artical.addMultiArticals.then (/Users/yangzhaobin/projects/finance-server/crawler/website/people.js:73:24)
    at runCallback (timers.js:672:20)
    at tryOnImmediate (timers.js:645:5)
    at processImmediate [as _immediateCallback] (timers.js:617:5)
From previous event:
    at IncomingMessage.res.on (/Users/yangzhaobin/projects/finance-server/crawler/website/people.js:72:18)
    at emitNone (events.js:91:20)
    at IncomingMessage.emit (events.js:188:7)
    at endReadableNT (_stream_readable.js:975:12)
    at _combinedTickCallback (internal/process/next_tick.js:80:11)
    at process._tickCallback (internal/process/next_tick.js:104:9)
[2018-05-04T21:08:31.255] [INFO] task - spider people data error TypeError: ep.emit is not a function
    at Artical.addMultiArticals.then (/Users/yangzhaobin/projects/finance-server/crawler/website/people.js:73:24)
    at runCallback (timers.js:672:20)
    at tryOnImmediate (timers.js:645:5)
    at processImmediate [as _immediateCallback] (timers.js:617:5)
From previous event:
    at IncomingMessage.res.on (/Users/yangzhaobin/projects/finance-server/crawler/website/people.js:72:18)
    at emitNone (events.js:91:20)
    at IncomingMessage.emit (events.js:188:7)
    at endReadableNT (_stream_readable.js:975:12)
    at _combinedTickCallback (internal/process/next_tick.js:80:11)
    at process._tickCallback (internal/process/next_tick.js:104:9)
[2018-05-04T21:08:31.411] [INFO] task - spider people data error TypeError: ep.emit is not a function
    at Artical.addMultiArticals.then (/Users/yangzhaobin/projects/finance-server/crawler/website/people.js:73:24)
    at runCallback (timers.js:672:20)
    at tryOnImmediate (timers.js:645:5)
    at processImmediate [as _immediateCallback] (timers.js:617:5)
From previous event:
    at IncomingMessage.res.on (/Users/yangzhaobin/projects/finance-server/crawler/website/people.js:72:18)
    at emitNone (events.js:91:20)
    at IncomingMessage.emit (events.js:188:7)
    at endReadableNT (_stream_readable.js:975:12)
    at _combinedTickCallback (internal/process/next_tick.js:80:11)
    at process._tickCallback (internal/process/next_tick.js:104:9)
[2018-05-04T21:08:53.999] [INFO] task - spider people data error TypeError: ep.emit is not a function
    at Artical.addMultiArticals.then (/Users/yangzhaobin/projects/finance-server/crawler/website/people.js:73:24)
    at runCallback (timers.js:672:20)
    at tryOnImmediate (timers.js:645:5)
    at processImmediate [as _immediateCallback] (timers.js:617:5)
From previous event:
    at IncomingMessage.res.on (/Users/yangzhaobin/projects/finance-server/crawler/website/people.js:72:18)
    at emitNone (events.js:91:20)
    at IncomingMessage.emit (events.js:188:7)
    at endReadableNT (_stream_readable.js:975:12)
    at _combinedTickCallback (internal/process/next_tick.js:80:11)
    at process._tickCallback (internal/process/next_tick.js:104:9)
[2018-05-04T21:08:54.182] [INFO] task - spider people data error TypeError: ep.emit is not a function
    at Artical.addMultiArticals.then (/Users/yangzhaobin/projects/finance-server/crawler/website/people.js:73:24)
    at runCallback (timers.js:672:20)
    at tryOnImmediate (timers.js:645:5)
    at processImmediate [as _immediateCallback] (timers.js:617:5)
From previous event:
    at IncomingMessage.res.on (/Users/yangzhaobin/projects/finance-server/crawler/website/people.js:72:18)
    at emitNone (events.js:91:20)
    at IncomingMessage.emit (events.js:188:7)
    at endReadableNT (_stream_readable.js:975:12)
    at _combinedTickCallback (internal/process/next_tick.js:80:11)
    at process._tickCallback (internal/process/next_tick.js:104:9)
[2018-05-04T21:08:54.608] [INFO] task - spider people data error TypeError: ep.emit is not a function
    at Artical.addMultiArticals.then (/Users/yangzhaobin/projects/finance-server/crawler/website/people.js:73:24)
    at runCallback (timers.js:672:20)
    at tryOnImmediate (timers.js:645:5)
    at processImmediate [as _immediateCallback] (timers.js:617:5)
From previous event:
    at IncomingMessage.res.on (/Users/yangzhaobin/projects/finance-server/crawler/website/people.js:72:18)
    at emitNone (events.js:91:20)
    at IncomingMessage.emit (events.js:188:7)
    at endReadableNT (_stream_readable.js:975:12)
    at _combinedTickCallback (internal/process/next_tick.js:80:11)
    at process._tickCallback (internal/process/next_tick.js:104:9)
